Library/Bee/Android/Prj/Mono2x/Gradle/unityLibrary/build/intermediates/manifest_merge_blame_file/debug/manifest-merger-blame-debug-report.txt
1<?xml version="1.0" encoding="utf-8"?>
2<manifest xmlns:android="http://schemas.android.com/apk/res/android"
3    xmlns:tools="http://schemas.android.com/tools"
4    package="com.unity3d.player"
5    android:installLocation="auto"
6    android:versionCode="1"
7    android:versionName="0.1" >
8
9    <uses-sdk
10        android:minSdkVersion="23"
10-->src\main\AndroidManifest.xml
11        android:targetSdkVersion="30" />
11-->src\main\AndroidManifest.xml
12
13    <uses-feature android:glEsVersion="0x00030000" />
13-->src\main\AndroidManifest.xml:25:3-52
13-->src\main\AndroidManifest.xml:25:17-49
14
15    <uses-permission android:name="android.permission.INTERNET" />
15-->src\main\AndroidManifest.xml:26:3-65
15-->src\main\AndroidManifest.xml:26:20-62
16    <uses-permission android:name="android.permission.ACCESS_NETWORK_STATE" />
16-->src\main\AndroidManifest.xml:27:3-77
16-->src\main\AndroidManifest.xml:27:20-74
17    <uses-permission android:name="android.permission.RECORD_AUDIO" />
17-->src\main\AndroidManifest.xml:28:3-69
17-->src\main\AndroidManifest.xml:28:20-66
18    <uses-permission android:name="android.permission.MODIFY_AUDIO_SETTINGS" />
18-->src\main\AndroidManifest.xml:29:3-78
18-->src\main\AndroidManifest.xml:29:20-75
19
20    <uses-feature
20-->src\main\AndroidManifest.xml:30:3-87
21        android:name="android.hardware.microphone"
21-->src\main\AndroidManifest.xml:30:17-59
22        android:required="false" />
22-->src\main\AndroidManifest.xml:30:60-84
23    <uses-feature
23-->src\main\AndroidManifest.xml:31:3-88
24        android:name="android.hardware.touchscreen"
24-->src\main\AndroidManifest.xml:31:17-60
25        android:required="false" />
25-->src\main\AndroidManifest.xml:31:61-85
26    <uses-feature
26-->src\main\AndroidManifest.xml:32:3-99
27        android:name="android.hardware.touchscreen.multitouch"
27-->src\main\AndroidManifest.xml:32:17-71
28        android:required="false" />
28-->src\main\AndroidManifest.xml:32:72-96
29    <uses-feature
29-->src\main\AndroidManifest.xml:33:3-108
30        android:name="android.hardware.touchscreen.multitouch.distinct"
30-->src\main\AndroidManifest.xml:33:17-80
31        android:required="false" />
31-->src\main\AndroidManifest.xml:33:81-105
32    <uses-feature
32-->src\main\AndroidManifest.xml:34:3-111
33        android:name="android.hardware.vr.headtracking"
33-->src\main\AndroidManifest.xml:34:17-64
34        android:required="true"
34-->src\main\AndroidManifest.xml:34:65-88
35        android:version="1" />
35-->src\main\AndroidManifest.xml:34:89-108
36
37    <application
37-->src\main\AndroidManifest.xml:3:3-24:17
38        android:allowBackup="false"
38-->src\main\AndroidManifest.xml:3:114-141
39        android:extractNativeLibs="true"
39-->src\main\AndroidManifest.xml:3:16-48
40        android:icon="@mipmap/app_icon"
40-->src\main\AndroidManifest.xml:3:82-113
41        android:label="@string/app_name"
41-->src\main\AndroidManifest.xml:3:49-81
42        android:networkSecurityConfig="@xml/network_sec_config" >
42-->src\main\AndroidManifest.xml:3:142-197
43        <activity
43-->src\main\AndroidManifest.xml:4:5-13:16
44            android:name="com.unity3d.player.UnityPlayerActivity"
44-->src\main\AndroidManifest.xml:4:15-68
45            android:configChanges="keyboard|keyboardHidden|navigation|orientation|screenLayout|screenSize|uiMode"
45-->src\main\AndroidManifest.xml:4:204-305
46            android:hardwareAccelerated="false"
46-->src\main\AndroidManifest.xml:4:341-376
47            android:launchMode="singleTask"
47-->src\main\AndroidManifest.xml:4:172-203
48            android:resizeableActivity="false"
48-->src\main\AndroidManifest.xml:4:306-340
49            android:screenOrientation="landscape"
49-->src\main\AndroidManifest.xml:4:134-171
50            android:theme="@android:style/Theme.Black.NoTitleBar.Fullscreen" >
50-->src\main\AndroidManifest.xml:4:69-133
51            <intent-filter>
51-->src\main\AndroidManifest.xml:5:7-9:23
52                <action android:name="android.intent.action.MAIN" />
52-->src\main\AndroidManifest.xml:6:9-61
52-->src\main\AndroidManifest.xml:6:17-58
53
54                <category android:name="android.intent.category.LAUNCHER" />
54-->src\main\AndroidManifest.xml:7:9-69
54-->src\main\AndroidManifest.xml:7:19-66
55                <category android:name="com.oculus.intent.category.VR" />
55-->src\main\AndroidManifest.xml:8:9-66
55-->src\main\AndroidManifest.xml:8:19-63
56            </intent-filter>
57
58            <meta-data
58-->src\main\AndroidManifest.xml:10:7-82
59                android:name="unityplayer.UnityActivity"
59-->src\main\AndroidManifest.xml:10:18-58
60                android:value="true" />
60-->src\main\AndroidManifest.xml:10:59-79
61            <meta-data
61-->src\main\AndroidManifest.xml:11:7-78
62                android:name="android.notch_support"
62-->src\main\AndroidManifest.xml:11:18-54
63                android:value="true" />
63-->src\main\AndroidManifest.xml:11:55-75
64            <meta-data
64-->src\main\AndroidManifest.xml:12:7-81
65                android:name="com.oculus.vr.focusaware"
65-->src\main\AndroidManifest.xml:12:18-57
66                android:value="true" />
66-->src\main\AndroidManifest.xml:12:58-78
67        </activity>
68
69        <meta-data
69-->src\main\AndroidManifest.xml:14:5-69
70            android:name="unity.splash-mode"
70-->src\main\AndroidManifest.xml:14:16-48
71            android:value="0" />
71-->src\main\AndroidManifest.xml:14:49-66
72        <meta-data
72-->src\main\AndroidManifest.xml:15:5-74
73            android:name="unity.splash-enable"
73-->src\main\AndroidManifest.xml:15:16-50
74            android:value="True" />
74-->src\main\AndroidManifest.xml:15:51-71
75        <meta-data
75-->src\main\AndroidManifest.xml:16:5-78
76            android:name="unity.launch-fullscreen"
76-->src\main\AndroidManifest.xml:16:16-54
77            android:value="True" />
77-->src\main\AndroidManifest.xml:16:55-75
78        <meta-data
78-->src\main\AndroidManifest.xml:17:5-84
79            android:name="unity.allow-resizable-window"
79-->src\main\AndroidManifest.xml:17:16-59
80            android:value="False" />
80-->src\main\AndroidManifest.xml:17:60-81
81        <meta-data
81-->src\main\AndroidManifest.xml:18:5-81
82            android:name="notch.config"
82-->src\main\AndroidManifest.xml:18:16-43
83            android:value="portrait|landscape" />
83-->src\main\AndroidManifest.xml:18:44-78
84        <meta-data
84-->src\main\AndroidManifest.xml:19:5-97
85            android:name="com.samsung.android.vr.application.mode"
85-->src\main\AndroidManifest.xml:19:16-70
86            android:value="vr_only" />
86-->src\main\AndroidManifest.xml:19:71-94
87        <meta-data
87-->src\main\AndroidManifest.xml:20:5-91
88            android:name="com.unity.xr.oculus.LowOverheadMode"
88-->src\main\AndroidManifest.xml:20:16-66
89            android:value="false" />
89-->src\main\AndroidManifest.xml:20:67-88
90        <meta-data
90-->src\main\AndroidManifest.xml:21:5-88
91            android:name="com.unity.xr.oculus.LateLatching"
91-->src\main\AndroidManifest.xml:21:16-63
92            android:value="false" />
92-->src\main\AndroidManifest.xml:21:64-85
93        <meta-data
93-->src\main\AndroidManifest.xml:22:5-93
94            android:name="com.unity.xr.oculus.LateLatchingDebug"
94-->src\main\AndroidManifest.xml:22:16-68
95            android:value="false" />
95-->src\main\AndroidManifest.xml:22:69-90
96        <meta-data
96-->src\main\AndroidManifest.xml:23:5-90
97            android:name="com.oculus.supportedDevices"
97-->src\main\AndroidManifest.xml:23:16-58
98            android:value="quest|quest2" />
98-->src\main\AndroidManifest.xml:23:59-87
99    </application>
100
101</manifest>